<?xml version="1.0" encoding="UTF-8"?>
<robot generator="Robot 7.1.1 (Python 3.12.3 on win32)" generated="2025-04-29T12:01:58.580772" rpa="false" schemaversion="5">
<suite id="s1" name="SNA LPRS" source="C:\Users\Yogesh.c\Selenium-Python-Robot\Tests\SNA_LPRS.robot">
<test id="s1-t1" name="Test URL opens" line="33">
<kw name="Open URL">
<kw name="Open Browser" owner="SeleniumLibrary">
<msg time="2025-04-29T12:01:58.808062" level="INFO">Opening browser 'chrome' to base url 'https://uatsna.mhlprs.com/'.</msg>
<arg>${URL}</arg>
<arg>${Browser}</arg>
<doc>Opens a new browser instance to the optional ``url``.</doc>
<status status="PASS" start="2025-04-29T12:01:58.808062" elapsed="1.721660"/>
</kw>
<kw name="Maximize Browser Window" owner="SeleniumLibrary">
<doc>Maximizes current browser window.</doc>
<status status="PASS" start="2025-04-29T12:02:00.529722" elapsed="0.029548"/>
</kw>
<doc>Opens the browser and maximizes the window</doc>
<status status="PASS" start="2025-04-29T12:01:58.808062" elapsed="1.751208"/>
</kw>
<status status="PASS" start="2025-04-29T12:01:58.806672" elapsed="1.752598"/>
</test>
<test id="s1-t2" name="Login" line="35">
<kw name="Login to System">
<kw name="Input Text" owner="SeleniumLibrary">
<msg time="2025-04-29T12:02:00.564552" level="INFO">Typing text 'AUDITWORK2' into text field 'xpath://*[@id="txtUser"]'.</msg>
<arg>${Username}</arg>
<arg>${Username_Text}</arg>
<doc>Types the given ``text`` into the text field identified by ``locator``.</doc>
<status status="PASS" start="2025-04-29T12:02:00.563533" elapsed="0.150467"/>
</kw>
<kw name="Input Text" owner="SeleniumLibrary">
<msg time="2025-04-29T12:02:00.716240" level="INFO">Typing text 'Pass@123' into text field 'xpath://*[@id="txtPass"]'.</msg>
<arg>${Password}</arg>
<arg>${Password_Text}</arg>
<doc>Types the given ``text`` into the text field identified by ``locator``.</doc>
<status status="PASS" start="2025-04-29T12:02:00.715001" elapsed="0.086893"/>
</kw>
<kw name="Click Element" owner="SeleniumLibrary">
<msg time="2025-04-29T12:02:00.803149" level="INFO">Clicking element 'xpath://*[@id="btnLogin"]'.</msg>
<arg>${Login}</arg>
<doc>Click the element identified by ``locator``.</doc>
<status status="PASS" start="2025-04-29T12:02:00.801894" elapsed="1.274087"/>
</kw>
<status status="PASS" start="2025-04-29T12:02:00.561775" elapsed="1.514206"/>
</kw>
<status status="PASS" start="2025-04-29T12:02:00.560264" elapsed="1.515717"/>
</test>
<test id="s1-t3" name="Create Vendor" line="37">
<kw name="Create Vendor">
<kw name="Click Element" owner="SeleniumLibrary">
<msg time="2025-04-29T12:02:02.077943" level="INFO">Clicking element 'xpath://*[@id="myLinks"]/div/ul/li[2]/a'.</msg>
<arg>${AA}</arg>
<doc>Click the element identified by ``locator``.</doc>
<status status="PASS" start="2025-04-29T12:02:02.077943" elapsed="0.068608"/>
</kw>
<kw name="Mouse Over" owner="SeleniumLibrary">
<msg time="2025-04-29T12:02:02.146551" level="INFO">Simulating Mouse Over on element 'xpath://*[@id="myLinks"]/div/ul/li[2]/ul/li[1]/a'.</msg>
<arg>${AA_Creation}</arg>
<doc>Simulates hovering the mouse over the element ``locator``.</doc>
<status status="PASS" start="2025-04-29T12:02:02.146551" elapsed="0.311593"/>
</kw>
<kw name="Click Element" owner="SeleniumLibrary">
<msg time="2025-04-29T12:02:02.459148" level="INFO">Clicking element 'xpath://*[@id="myLinks"]/div/ul/li[2]/ul/li[1]/a'.</msg>
<arg>${AA_Creation}</arg>
<doc>Click the element identified by ``locator``.</doc>
<status status="PASS" start="2025-04-29T12:02:02.458144" elapsed="0.314998"/>
</kw>
<status status="PASS" start="2025-04-29T12:02:02.077943" elapsed="0.695199"/>
</kw>
<status status="PASS" start="2025-04-29T12:02:02.076945" elapsed="0.696197"/>
</test>
<status status="PASS" start="2025-04-29T12:01:58.581768" elapsed="4.192372"/>
</suite>
<statistics>
<total>
<stat pass="3" fail="0" skip="0">All Tests</stat>
</total>
<tag>
</tag>
<suite>
<stat pass="3" fail="0" skip="0" id="s1" name="SNA LPRS">SNA LPRS</stat>
</suite>
</statistics>
<errors>
<msg time="2025-04-29T12:01:58.805655" level="ERROR">Error in file 'C:\Users\Yogesh.c\Selenium-Python-Robot\Tests\SNA_LPRS.robot' on line 3: Importing library 'WebDriverManager' failed: ModuleNotFoundError: No module named 'WebDriverManager'
Traceback (most recent call last):
  None
PYTHONPATH:
  C:\Users\Yogesh.c\JANUARY-New\.venv\Scripts\robot.exe
  C:\Users\Yogesh.c\AppData\Local\Programs\Python\Python312\python312.zip
  C:\Users\Yogesh.c\AppData\Local\Programs\Python\Python312\DLLs
  C:\Users\Yogesh.c\AppData\Local\Programs\Python\Python312\Lib
  C:\Users\Yogesh.c\AppData\Local\Programs\Python\Python312
  C:\Users\Yogesh.c\JANUARY-New\.venv
  C:\Users\Yogesh.c\JANUARY-New\.venv\Lib\site-packages</msg>
</errors>
</robot>
